# JRE version: Java(TM) SE Runtime Environment (11.0+28) (build 11+28)
# Java VM: Java HotSpot(TM) 64-Bit Server VM (11+28, mixed mode, tiered, compressed oops, g1 gc, windows-amd64)
Heap:
 garbage-first heap   total 262144K, used 77190K [0x0000000701e00000, 0x0000000800000000)
  region size 1024K, 27 young (27648K), 6 survivors (6144K)
 Metaspace       used 59816K, capacity 61243K, committed 61488K, reserved 1103872K
  class space    used 6703K, capacity 7283K, committed 7296K, reserved 1048576K
GC Heap History (10 events):
Event: 5.356 GC heap before
{Heap before GC invocations=4 (full 0):
 garbage-first heap   total 262144K, used 49354K [0x0000000701e00000, 0x0000000800000000)
  region size 1024K, 46 young (47104K), 3 survivors (3072K)
 Metaspace       used 35381K, capacity 35755K, committed 35888K, reserved 1081344K
  class space    used 3971K, capacity 4131K, committed 4224K, reserved 1048576K
}
Event: 5.364 GC heap after
{Heap after GC invocations=5 (full 0):
 garbage-first heap   total 262144K, used 10209K [0x0000000701e00000, 0x0000000800000000)
  region size 1024K, 6 young (6144K), 6 survivors (6144K)
 Metaspace       used 35381K, capacity 35755K, committed 35888K, reserved 1081344K
  class space    used 3971K, capacity 4131K, committed 4224K, reserved 1048576K
}
Event: 8.536 GC heap before
{Heap before GC invocations=6 (full 0):
 garbage-first heap   total 262144K, used 119777K [0x0000000701e00000, 0x0000000800000000)
  region size 1024K, 107 young (109568K), 6 survivors (6144K)
 Metaspace       used 54919K, capacity 56151K, committed 56240K, reserved 1099776K
  class space    used 6350K, capacity 6880K, committed 6912K, reserved 1048576K
}
Event: 8.552 GC heap after
{Heap after GC invocations=7 (full 0):
 garbage-first heap   total 262144K, used 29690K [0x0000000701e00000, 0x0000000800000000)
  region size 1024K, 14 young (14336K), 14 survivors (14336K)
 Metaspace       used 54919K, capacity 56151K, committed 56240K, reserved 1099776K
  class space    used 6350K, capacity 6880K, committed 6912K, reserved 1048576K
}
Event: 9.299 GC heap before
{Heap before GC invocations=7 (full 0):
 garbage-first heap   total 262144K, used 59386K [0x0000000701e00000, 0x0000000800000000)
  region size 1024K, 43 young (44032K), 14 survivors (14336K)
 Metaspace       used 56203K, capacity 57482K, committed 57648K, reserved 1099776K
  class space    used 6467K, capacity 7023K, committed 7040K, reserved 1048576K
}
Event: 9.311 GC heap after
{Heap after GC invocations=8 (full 0):
 garbage-first heap   total 262144K, used 35804K [0x0000000701e00000, 0x0000000800000000)
  region size 1024K, 6 young (6144K), 6 survivors (6144K)
 Metaspace       used 56203K, capacity 57482K, committed 57648K, reserved 1099776K
  class space    used 6467K, capacity 7023K, committed 7040K, reserved 1048576K
}
Event: 10.634 GC heap before
{Heap before GC invocations=8 (full 0):
 garbage-first heap   total 262144K, used 109532K [0x0000000701e00000, 0x0000000800000000)
  region size 1024K, 79 young (80896K), 6 survivors (6144K)
 Metaspace       used 57911K, capacity 59263K, committed 59312K, reserved 1101824K
  class space    used 6582K, capacity 7165K, committed 7168K, reserved 1048576K
}
Event: 10.643 GC heap after
{Heap after GC invocations=9 (full 0):
 garbage-first heap   total 262144K, used 55808K [0x0000000701e00000, 0x0000000800000000)
  region size 1024K, 10 young (10240K), 10 survivors (10240K)
 Metaspace       used 57911K, capacity 59263K, committed 59312K, reserved 1101824K
  class space    used 6582K, capacity 7165K, committed 7168K, reserved 1048576K
}
Event: 11.086 GC heap before
{Heap before GC invocations=9 (full 0):
 garbage-first heap   total 262144K, used 99840K [0x0000000701e00000, 0x0000000800000000)
  region size 1024K, 51 young (52224K), 10 survivors (10240K)
 Metaspace       used 58800K, capacity 60113K, committed 60208K, reserved 1101824K
  class space    used 6657K, capacity 7233K, committed 7296K, reserved 1048576K
}
Event: 11.094 GC heap after
{Heap after GC invocations=10 (full 0):
 garbage-first heap   total 262144K, used 57734K [0x0000000701e00000, 0x0000000800000000)
  region size 1024K, 6 young (6144K), 6 survivors (6144K)
 Metaspace       used 58800K, capacity 60113K, committed 60208K, reserved 1101824K
  class space    used 6657K, capacity 7233K, committed 7296K, reserved 1048576K
}

