# JRE version: Java(TM) SE Runtime Environment (11.0+28) (build 11+28)
# Java VM: Java HotSpot(TM) 64-Bit Server VM (11+28, mixed mode, tiered, compressed oops, g1 gc, windows-amd64)
Heap:
 garbage-first heap   total 260096K, used 102353K [0x0000000702000000, 0x0000000800000000)
  region size 1024K, 36 young (36864K), 2 survivors (2048K)
 Metaspace       used 66695K, capacity 68641K, committed 68784K, reserved 1110016K
  class space    used 7332K, capacity 8123K, committed 8192K, reserved 1048576K
GC Heap History (10 events):
Event: 6.200 GC heap before
{Heap before GC invocations=20 (full 0):
 garbage-first heap   total 260096K, used 128394K [0x0000000702000000, 0x0000000800000000)
  region size 1024K, 14 young (14336K), 5 survivors (5120K)
 Metaspace       used 23340K, capacity 23635K, committed 23856K, reserved 1071104K
  class space    used 2525K, capacity 2635K, committed 2688K, reserved 1048576K
}
Event: 6.202 GC heap after
{Heap after GC invocations=21 (full 0):
 garbage-first heap   total 260096K, used 15858K [0x0000000702000000, 0x0000000800000000)
  region size 1024K, 5 young (5120K), 5 survivors (5120K)
 Metaspace       used 23340K, capacity 23635K, committed 23856K, reserved 1071104K
  class space    used 2525K, capacity 2635K, committed 2688K, reserved 1048576K
}
Event: 16.771 GC heap before
{Heap before GC invocations=22 (full 0):
 garbage-first heap   total 260096K, used 181746K [0x0000000702000000, 0x0000000800000000)
  region size 1024K, 78 young (79872K), 5 survivors (5120K)
 Metaspace       used 39093K, capacity 39634K, committed 39728K, reserved 1085440K
  class space    used 4270K, capacity 4458K, committed 4480K, reserved 1048576K
}
Event: 16.788 GC heap after
{Heap after GC invocations=23 (full 0):
 garbage-first heap   total 260096K, used 22087K [0x0000000702000000, 0x0000000800000000)
  region size 1024K, 14 young (14336K), 14 survivors (14336K)
 Metaspace       used 39093K, capacity 39634K, committed 39728K, reserved 1085440K
  class space    used 4270K, capacity 4458K, committed 4480K, reserved 1048576K
}
Event: 21.494 GC heap before
{Heap before GC invocations=24 (full 0):
 garbage-first heap   total 260096K, used 153159K [0x0000000702000000, 0x0000000800000000)
  region size 1024K, 131 young (134144K), 14 survivors (14336K)
 Metaspace       used 56458K, capacity 57739K, committed 57904K, reserved 1099776K
  class space    used 6431K, capacity 6957K, committed 7040K, reserved 1048576K
}
Event: 21.513 GC heap after
{Heap after GC invocations=25 (full 0):
 garbage-first heap   total 260096K, used 55021K [0x0000000702000000, 0x0000000800000000)
  region size 1024K, 17 young (17408K), 17 survivors (17408K)
 Metaspace       used 56458K, capacity 57739K, committed 57904K, reserved 1099776K
  class space    used 6431K, capacity 6957K, committed 7040K, reserved 1048576K
}
Event: 26.588 GC heap before
{Heap before GC invocations=25 (full 0):
 garbage-first heap   total 260096K, used 165613K [0x0000000702000000, 0x0000000800000000)
  region size 1024K, 122 young (124928K), 17 survivors (17408K)
 Metaspace       used 61092K, capacity 62949K, committed 63024K, reserved 1103872K
  class space    used 6956K, capacity 7738K, committed 7808K, reserved 1048576K
}
Event: 26.602 GC heap after
{Heap after GC invocations=26 (full 0):
 garbage-first heap   total 260096K, used 64423K [0x0000000702000000, 0x0000000800000000)
  region size 1024K, 13 young (13312K), 13 survivors (13312K)
 Metaspace       used 61092K, capacity 62949K, committed 63024K, reserved 1103872K
  class space    used 6956K, capacity 7738K, committed 7808K, reserved 1048576K
}
Event: 27.754 GC heap before
{Heap before GC invocations=26 (full 0):
 garbage-first heap   total 260096K, used 79783K [0x0000000702000000, 0x0000000800000000)
  region size 1024K, 29 young (29696K), 13 survivors (13312K)
 Metaspace       used 64180K, capacity 66076K, committed 66352K, reserved 1107968K
  class space    used 7136K, capacity 7948K, committed 8064K, reserved 1048576K
}
Event: 27.763 GC heap after
{Heap after GC invocations=27 (full 0):
 garbage-first heap   total 260096K, used 66513K [0x0000000702000000, 0x0000000800000000)
  region size 1024K, 2 young (2048K), 2 survivors (2048K)
 Metaspace       used 64180K, capacity 66076K, committed 66352K, reserved 1107968K
  class space    used 7136K, capacity 7948K, committed 8064K, reserved 1048576K
}

