# JRE version: Java(TM) SE Runtime Environment (11.0+28) (build 11+28)
# Java VM: Java HotSpot(TM) 64-Bit Server VM (11+28, mixed mode, tiered, compressed oops, g1 gc, windows-amd64)
Heap:
 garbage-first heap   total 262144K, used 80514K [0x0000000701e00000, 0x0000000800000000)
  region size 1024K, 24 young (24576K), 11 survivors (11264K)
 Metaspace       used 59629K, capacity 60949K, committed 61104K, reserved 1103872K
  class space    used 6702K, capacity 7280K, committed 7296K, reserved 1048576K
GC Heap History (10 events):
Event: 4.955 GC heap before
{Heap before GC invocations=4 (full 0):
 garbage-first heap   total 262144K, used 48434K [0x0000000701e00000, 0x0000000800000000)
  region size 1024K, 45 young (46080K), 3 survivors (3072K)
 Metaspace       used 35337K, capacity 35767K, committed 35920K, reserved 1081344K
  class space    used 3951K, capacity 4096K, committed 4096K, reserved 1048576K
}
Event: 4.960 GC heap after
{Heap after GC invocations=5 (full 0):
 garbage-first heap   total 262144K, used 10308K [0x0000000701e00000, 0x0000000800000000)
  region size 1024K, 6 young (6144K), 6 survivors (6144K)
 Metaspace       used 35337K, capacity 35767K, committed 35920K, reserved 1081344K
  class space    used 3951K, capacity 4096K, committed 4096K, reserved 1048576K
}
Event: 9.211 GC heap before
{Heap before GC invocations=6 (full 0):
 garbage-first heap   total 262144K, used 146500K [0x0000000701e00000, 0x0000000800000000)
  region size 1024K, 134 young (137216K), 6 survivors (6144K)
 Metaspace       used 55817K, capacity 57090K, committed 57296K, reserved 1099776K
  class space    used 6459K, capacity 7025K, committed 7040K, reserved 1048576K
}
Event: 9.229 GC heap after
{Heap after GC invocations=7 (full 0):
 garbage-first heap   total 262144K, used 35880K [0x0000000701e00000, 0x0000000800000000)
  region size 1024K, 17 young (17408K), 17 survivors (17408K)
 Metaspace       used 55817K, capacity 57090K, committed 57296K, reserved 1099776K
  class space    used 6459K, capacity 7025K, committed 7040K, reserved 1048576K
}
Event: 9.510 GC heap before
{Heap before GC invocations=7 (full 0):
 garbage-first heap   total 262144K, used 46120K [0x0000000701e00000, 0x0000000800000000)
  region size 1024K, 27 young (27648K), 17 survivors (17408K)
 Metaspace       used 55950K, capacity 57245K, committed 57296K, reserved 1099776K
  class space    used 6465K, capacity 7032K, committed 7040K, reserved 1048576K
}
Event: 9.521 GC heap after
{Heap after GC invocations=8 (full 0):
 garbage-first heap   total 262144K, used 38613K [0x0000000701e00000, 0x0000000800000000)
  region size 1024K, 2 young (2048K), 2 survivors (2048K)
 Metaspace       used 55950K, capacity 57245K, committed 57296K, reserved 1099776K
  class space    used 6465K, capacity 7032K, committed 7040K, reserved 1048576K
}
Event: 11.714 GC heap before
{Heap before GC invocations=8 (full 0):
 garbage-first heap   total 262144K, used 105173K [0x0000000701e00000, 0x0000000800000000)
  region size 1024K, 68 young (69632K), 2 survivors (2048K)
 Metaspace       used 57938K, capacity 59257K, committed 59472K, reserved 1101824K
  class space    used 6584K, capacity 7165K, committed 7168K, reserved 1048576K
}
Event: 11.724 GC heap after
{Heap after GC invocations=9 (full 0):
 garbage-first heap   total 262144K, used 66048K [0x0000000701e00000, 0x0000000800000000)
  region size 1024K, 9 young (9216K), 9 survivors (9216K)
 Metaspace       used 57938K, capacity 59257K, committed 59472K, reserved 1101824K
  class space    used 6584K, capacity 7165K, committed 7168K, reserved 1048576K
}
Event: 12.609 GC heap before
{Heap before GC invocations=9 (full 0):
 garbage-first heap   total 262144K, used 110080K [0x0000000701e00000, 0x0000000800000000)
  region size 1024K, 50 young (51200K), 9 survivors (9216K)
 Metaspace       used 58695K, capacity 59984K, committed 60080K, reserved 1101824K
  class space    used 6662K, capacity 7237K, committed 7296K, reserved 1048576K
}
Event: 12.617 GC heap after
{Heap after GC invocations=10 (full 0):
 garbage-first heap   total 262144K, used 79490K [0x0000000701e00000, 0x0000000800000000)
  region size 1024K, 11 young (11264K), 11 survivors (11264K)
 Metaspace       used 58695K, capacity 59984K, committed 60080K, reserved 1101824K
  class space    used 6662K, capacity 7237K, committed 7296K, reserved 1048576K
}

