# JRE version: Java(TM) SE Runtime Environment (11.0+28) (build 11+28)
# Java VM: Java HotSpot(TM) 64-Bit Server VM (11+28, mixed mode, tiered, compressed oops, g1 gc, windows-amd64)
Heap:
 garbage-first heap   total 262144K, used 72120K [0x0000000701e00000, 0x0000000800000000)
  region size 1024K, 23 young (23552K), 6 survivors (6144K)
 Metaspace       used 59802K, capacity 61171K, committed 61312K, reserved 1103872K
  class space    used 6698K, capacity 7282K, committed 7296K, reserved 1048576K
GC Heap History (10 events):
Event: 1.642 GC heap before
{Heap before GC invocations=2 (full 0):
 garbage-first heap   total 262144K, used 13764K [0x0000000701e00000, 0x0000000800000000)
  region size 1024K, 12 young (12288K), 2 survivors (2048K)
 Metaspace       used 20923K, capacity 21236K, committed 21296K, reserved 1069056K
  class space    used 2308K, capacity 2432K, committed 2432K, reserved 1048576K
}
Event: 1.645 GC heap after
{Heap after GC invocations=3 (full 0):
 garbage-first heap   total 262144K, used 5313K [0x0000000701e00000, 0x0000000800000000)
  region size 1024K, 3 young (3072K), 3 survivors (3072K)
 Metaspace       used 20923K, capacity 21236K, committed 21296K, reserved 1069056K
  class space    used 2308K, capacity 2432K, committed 2432K, reserved 1048576K
}
Event: 5.352 GC heap before
{Heap before GC invocations=4 (full 0):
 garbage-first heap   total 262144K, used 48321K [0x0000000701e00000, 0x0000000800000000)
  region size 1024K, 46 young (47104K), 3 survivors (3072K)
 Metaspace       used 35429K, capacity 35819K, committed 35968K, reserved 1081344K
  class space    used 3960K, capacity 4129K, committed 4224K, reserved 1048576K
}
Event: 5.358 GC heap after
{Heap after GC invocations=5 (full 0):
 garbage-first heap   total 262144K, used 10274K [0x0000000701e00000, 0x0000000800000000)
  region size 1024K, 6 young (6144K), 6 survivors (6144K)
 Metaspace       used 35429K, capacity 35819K, committed 35968K, reserved 1081344K
  class space    used 3960K, capacity 4129K, committed 4224K, reserved 1048576K
}
Event: 10.890 GC heap before
{Heap before GC invocations=6 (full 0):
 garbage-first heap   total 262144K, used 162850K [0x0000000701e00000, 0x0000000800000000)
  region size 1024K, 150 young (153600K), 6 survivors (6144K)
 Metaspace       used 56541K, capacity 57799K, committed 57984K, reserved 1099776K
  class space    used 6487K, capacity 7040K, committed 7040K, reserved 1048576K
}
Event: 10.911 GC heap after
{Heap after GC invocations=7 (full 0):
 garbage-first heap   total 262144K, used 34938K [0x0000000701e00000, 0x0000000800000000)
  region size 1024K, 19 young (19456K), 19 survivors (19456K)
 Metaspace       used 56541K, capacity 57799K, committed 57984K, reserved 1099776K
  class space    used 6487K, capacity 7040K, committed 7040K, reserved 1048576K
}
Event: 11.837 GC heap before
{Heap before GC invocations=7 (full 0):
 garbage-first heap   total 262144K, used 85114K [0x0000000701e00000, 0x0000000800000000)
  region size 1024K, 69 young (70656K), 19 survivors (19456K)
 Metaspace       used 57878K, capacity 59217K, committed 59520K, reserved 1101824K
  class space    used 6584K, capacity 7170K, committed 7296K, reserved 1048576K
}
Event: 11.854 GC heap after
{Heap after GC invocations=8 (full 0):
 garbage-first heap   total 262144K, used 48522K [0x0000000701e00000, 0x0000000800000000)
  region size 1024K, 9 young (9216K), 9 survivors (9216K)
 Metaspace       used 57878K, capacity 59217K, committed 59520K, reserved 1101824K
  class space    used 6584K, capacity 7170K, committed 7296K, reserved 1048576K
}
Event: 12.392 GC heap before
{Heap before GC invocations=8 (full 0):
 garbage-first heap   total 262144K, used 101770K [0x0000000701e00000, 0x0000000800000000)
  region size 1024K, 59 young (60416K), 9 survivors (9216K)
 Metaspace       used 58858K, capacity 60189K, committed 60288K, reserved 1101824K
  class space    used 6666K, capacity 7238K, committed 7296K, reserved 1048576K
}
Event: 12.398 GC heap after
{Heap after GC invocations=9 (full 0):
 garbage-first heap   total 262144K, used 53688K [0x0000000701e00000, 0x0000000800000000)
  region size 1024K, 6 young (6144K), 6 survivors (6144K)
 Metaspace       used 58858K, capacity 60189K, committed 60288K, reserved 1101824K
  class space    used 6666K, capacity 7238K, committed 7296K, reserved 1048576K
}

