# JRE version: Java(TM) SE Runtime Environment (11.0+28) (build 11+28)
# Java VM: Java HotSpot(TM) 64-Bit Server VM (11+28, mixed mode, tiered, compressed oops, g1 gc, windows-amd64)
Heap:
 garbage-first heap   total 262144K, used 76190K [0x0000000701e00000, 0x0000000800000000)
  region size 1024K, 23 young (23552K), 2 survivors (2048K)
 Metaspace       used 60027K, capacity 61401K, committed 61616K, reserved 1103872K
  class space    used 6737K, capacity 7317K, committed 7424K, reserved 1048576K
GC Heap History (10 events):
Event: 4.817 GC heap before
{Heap before GC invocations=4 (full 0):
 garbage-first heap   total 262144K, used 48382K [0x0000000701e00000, 0x0000000800000000)
  region size 1024K, 46 young (47104K), 3 survivors (3072K)
 Metaspace       used 35365K, capacity 35746K, committed 35888K, reserved 1081344K
  class space    used 3962K, capacity 4131K, committed 4224K, reserved 1048576K
}
Event: 4.824 GC heap after
{Heap after GC invocations=5 (full 0):
 garbage-first heap   total 262144K, used 10222K [0x0000000701e00000, 0x0000000800000000)
  region size 1024K, 6 young (6144K), 6 survivors (6144K)
 Metaspace       used 35365K, capacity 35746K, committed 35888K, reserved 1081344K
  class space    used 3962K, capacity 4131K, committed 4224K, reserved 1048576K
}
Event: 7.277 GC heap before
{Heap before GC invocations=6 (full 0):
 garbage-first heap   total 262144K, used 109550K [0x0000000701e00000, 0x0000000800000000)
  region size 1024K, 98 young (100352K), 6 survivors (6144K)
 Metaspace       used 53689K, capacity 54808K, committed 55088K, reserved 1097728K
  class space    used 6213K, capacity 6712K, committed 6784K, reserved 1048576K
}
Event: 7.290 GC heap after
{Heap after GC invocations=7 (full 0):
 garbage-first heap   total 262144K, used 27088K [0x0000000701e00000, 0x0000000800000000)
  region size 1024K, 13 young (13312K), 13 survivors (13312K)
 Metaspace       used 53689K, capacity 54808K, committed 55088K, reserved 1097728K
  class space    used 6213K, capacity 6712K, committed 6784K, reserved 1048576K
}
Event: 8.318 GC heap before
{Heap before GC invocations=7 (full 0):
 garbage-first heap   total 262144K, used 84432K [0x0000000701e00000, 0x0000000800000000)
  region size 1024K, 69 young (70656K), 13 survivors (13312K)
 Metaspace       used 56662K, capacity 58013K, committed 58288K, reserved 1099776K
  class space    used 6490K, capacity 7074K, committed 7168K, reserved 1048576K
}
Event: 8.330 GC heap after
{Heap after GC invocations=8 (full 0):
 garbage-first heap   total 262144K, used 35743K [0x0000000701e00000, 0x0000000800000000)
  region size 1024K, 9 young (9216K), 9 survivors (9216K)
 Metaspace       used 56662K, capacity 58013K, committed 58288K, reserved 1099776K
  class space    used 6490K, capacity 7074K, committed 7168K, reserved 1048576K
}
Event: 9.435 GC heap before
{Heap before GC invocations=8 (full 0):
 garbage-first heap   total 262144K, used 122783K [0x0000000701e00000, 0x0000000800000000)
  region size 1024K, 93 young (95232K), 9 survivors (9216K)
 Metaspace       used 58525K, capacity 59877K, committed 60208K, reserved 1101824K
  class space    used 6639K, capacity 7201K, committed 7296K, reserved 1048576K
}
Event: 9.443 GC heap after
{Heap after GC invocations=9 (full 0):
 garbage-first heap   total 262144K, used 46080K [0x0000000701e00000, 0x0000000800000000)
  region size 1024K, 9 young (9216K), 9 survivors (9216K)
 Metaspace       used 58525K, capacity 59877K, committed 60208K, reserved 1101824K
  class space    used 6639K, capacity 7201K, committed 7296K, reserved 1048576K
}
Event: 9.543 GC heap before
{Heap before GC invocations=9 (full 0):
 garbage-first heap   total 262144K, used 55296K [0x0000000701e00000, 0x0000000800000000)
  region size 1024K, 18 young (18432K), 9 survivors (9216K)
 Metaspace       used 58821K, capacity 60107K, committed 60208K, reserved 1101824K
  class space    used 6658K, capacity 7234K, committed 7296K, reserved 1048576K
}
Event: 9.552 GC heap after
{Heap after GC invocations=10 (full 0):
 garbage-first heap   total 262144K, used 49566K [0x0000000701e00000, 0x0000000800000000)
  region size 1024K, 2 young (2048K), 2 survivors (2048K)
 Metaspace       used 58821K, capacity 60107K, committed 60208K, reserved 1101824K
  class space    used 6658K, capacity 7234K, committed 7296K, reserved 1048576K
}

